<?xml version="1.0" encoding="UTF-8" ?>
<testsuite tests="7" failures="0" name="CustomerUdf.ExtractLogTest" time="0.046" errors="0" skipped="0">
  <properties>
    <property name="idea.version" value="2018.2.7"/>
    <property name="java.runtime.name" value="Java(TM) SE Runtime Environment"/>
    <property name="sun.boot.library.path" value="D:\environment\java\jre\bin"/>
    <property name="java.vm.version" value="25.181-b13"/>
    <property name="java.vm.vendor" value="Oracle Corporation"/>
    <property name="maven.multiModuleProjectDirectory" value="D:\project\IdeaJavaProject\HiveUdf"/>
    <property name="java.vendor.url" value="http://java.oracle.com/"/>
    <property name="path.separator" value=";"/>
    <property name="guice.disable.misplaced.annotation.check" value="true"/>
    <property name="java.vm.name" value="Java HotSpot(TM) 64-Bit Server VM"/>
    <property name="file.encoding.pkg" value="sun.io"/>
    <property name="user.script" value=""/>
    <property name="user.country" value="CN"/>
    <property name="sun.java.launcher" value="SUN_STANDARD"/>
    <property name="sun.os.patch.level" value=""/>
    <property name="java.vm.specification.name" value="Java Virtual Machine Specification"/>
    <property name="user.dir" value="D:\project\IdeaJavaProject\HiveUdf"/>
    <property name="java.runtime.version" value="1.8.0_181-b13"/>
    <property name="java.awt.graphicsenv" value="sun.awt.Win32GraphicsEnvironment"/>
    <property name="java.endorsed.dirs" value="D:\environment\java\jre\lib\endorsed"/>
    <property name="os.arch" value="amd64"/>
    <property name="java.io.tmpdir" value="C:\Users\ggq\AppData\Local\Temp\"/>
    <property name="line.separator" value="
"/>
    <property name="java.vm.specification.vendor" value="Oracle Corporation"/>
    <property name="user.variant" value=""/>
    <property name="os.name" value="Windows 10"/>
    <property name="classworlds.conf" value="D:\tools\IntelliJ IDEA 2018.2.4\plugins\maven\lib\maven3\bin\m2.conf"/>
    <property name="sun.jnu.encoding" value="GBK"/>
    <property name="java.library.path" value="D:\environment\java\bin;C:\Windows\Sun\Java\bin;C:\Windows\system32;C:\Windows;C:\Program Files (x86)\NetSarang\Xftp 6\;D:\tools\CUDA\bin;D:\tools\CUDA\libnvvp;C:\Program Files (x86)\Common Files\Oracle\Java\javapath;C:\WINDOWS\system32;C:\WINDOWS;C:\WINDOWS\System32\Wbem;C:\WINDOWS\System32\WindowsPowerShell\v1.0\;C:\WINDOWS\System32\OpenSSH\;C:\Program Files (x86)\NVIDIA Corporation\PhysX\Common;D:\environment\java\bin;D:\tools\Git\cmd;C:\Program Files (x86)\Windows Kits\8.1\Windows Performance Toolkit\;D:\environment\webdriver;C:\Program Files\Pandoc\;D:\tools\postgresql\bin;D:\tools\redis\;C:\Users\ggq\AppData\Local\Programs\Python\Python36\Scripts\;C:\Users\ggq\AppData\Local\Programs\Python\Python36\;C:\Users\ggq\AppData\Local\Microsoft\WindowsApps;;D:\tools\Fiddler;D:\tools\Microsoft VS Code\bin;."/>
    <property name="java.specification.name" value="Java Platform API Specification"/>
    <property name="java.class.version" value="52.0"/>
    <property name="sun.management.compiler" value="HotSpot 64-Bit Tiered Compilers"/>
    <property name="maven.repo.local" value="D:\respository\mavenrespository"/>
    <property name="os.version" value="10.0"/>
    <property name="user.home" value="C:\Users\ggq"/>
    <property name="user.timezone" value="Asia/Shanghai"/>
    <property name="java.awt.printerjob" value="sun.awt.windows.WPrinterJob"/>
    <property name="java.specification.version" value="1.8"/>
    <property name="file.encoding" value="UTF-8"/>
    <property name="user.name" value="ggq"/>
    <property name="java.class.path" value="D:\tools\IntelliJ IDEA 2018.2.4\plugins\maven\lib\maven3\boot\plexus-classworlds-2.5.2.jar;D:\tools\IntelliJ IDEA 2018.2.4\lib\idea_rt.jar"/>
    <property name="java.vm.specification.version" value="1.8"/>
    <property name="sun.arch.data.model" value="64"/>
    <property name="java.home" value="D:\environment\java\jre"/>
    <property name="sun.java.command" value="org.codehaus.classworlds.Launcher -Didea.version=2018.2.7 -s D:\tools\IntelliJ IDEA 2018.2.4\plugins\maven\lib\maven3\conf\settings.xml -Dmaven.repo.local=D:\respository\mavenrespository package"/>
    <property name="java.specification.vendor" value="Oracle Corporation"/>
    <property name="user.language" value="zh"/>
    <property name="awt.toolkit" value="sun.awt.windows.WToolkit"/>
    <property name="java.vm.info" value="mixed mode"/>
    <property name="java.version" value="1.8.0_181"/>
    <property name="java.ext.dirs" value="D:\environment\java\jre\lib\ext;C:\Windows\Sun\Java\lib\ext"/>
    <property name="sun.boot.class.path" value="D:\environment\java\jre\lib\resources.jar;D:\environment\java\jre\lib\rt.jar;D:\environment\java\jre\lib\sunrsasign.jar;D:\environment\java\jre\lib\jsse.jar;D:\environment\java\jre\lib\jce.jar;D:\environment\java\jre\lib\charsets.jar;D:\environment\java\jre\lib\jfr.jar;D:\environment\java\jre\classes"/>
    <property name="java.vendor" value="Oracle Corporation"/>
    <property name="maven.home" value="D:\tools\IntelliJ IDEA 2018.2.4\plugins\maven\lib\maven3"/>
    <property name="file.separator" value="\"/>
    <property name="java.vendor.url.bug" value="http://bugreport.sun.com/bugreport/"/>
    <property name="sun.cpu.endian" value="little"/>
    <property name="sun.io.unicode.encoding" value="UnicodeLittle"/>
    <property name="sun.desktop" value="windows"/>
    <property name="sun.cpu.isalist" value="amd64"/>
  </properties>
  <testcase classname="CustomerUdf.ExtractLogTest" name="testformat" time="0.032"/>
  <testcase classname="CustomerUdf.ExtractLogTest" name="testCurrentCline" time="0.009"/>
  <testcase classname="CustomerUdf.ExtractLogTest" name="testExtract" time="0.002"/>
  <testcase classname="CustomerUdf.ExtractLogTest" name="testLine" time="0"/>
  <testcase classname="CustomerUdf.ExtractLogTest" name="evaluate" time="0.001"/>
  <testcase classname="CustomerUdf.ExtractLogTest" name="formatTest" time="0.001"/>
  <testcase classname="CustomerUdf.ExtractLogTest" name="testRandom" time="0.001"/>
</testsuite>